Determining if the pthread_create exist failed with the following output:
Change Dir: /root/final/OpenISS/oglBuild/CMakeFiles/CMakeTmp

Run Build Command:"/usr/bin/gmake" "cmTC_9b748/fast"
/usr/bin/gmake -f CMakeFiles/cmTC_9b748.dir/build.make CMakeFiles/cmTC_9b748.dir/build
gmake[1]: Entering directory `/root/final/OpenISS/oglBuild/CMakeFiles/CMakeTmp'
Building C object CMakeFiles/cmTC_9b748.dir/CheckSymbolExists.c.o
/usr/bin/cc     -o CMakeFiles/cmTC_9b748.dir/CheckSymbolExists.c.o   -c /root/final/OpenISS/oglBuild/CMakeFiles/CMakeTmp/CheckSymbolExists.c
Linking C executable cmTC_9b748
/usr/bin/cmake3 -E cmake_link_script CMakeFiles/cmTC_9b748.dir/link.txt --verbose=1
/usr/bin/cc       CMakeFiles/cmTC_9b748.dir/CheckSymbolExists.c.o  -o cmTC_9b748 -rdynamic 
CMakeFiles/cmTC_9b748.dir/CheckSymbolExists.c.o: In function `main':
CheckSymbolExists.c:(.text+0xc): undefined reference to `pthread_create'
collect2: ld returned 1 exit status
gmake[1]: *** [cmTC_9b748] Error 1
gmake[1]: Leaving directory `/root/final/OpenISS/oglBuild/CMakeFiles/CMakeTmp'
gmake: *** [cmTC_9b748/fast] Error 2

File /root/final/OpenISS/oglBuild/CMakeFiles/CMakeTmp/CheckSymbolExists.c:
/* */
#include <pthread.h>

int main(int argc, char** argv)
{
  (void)argv;
#ifndef pthread_create
  return ((int*)(&pthread_create))[argc];
#else
  (void)argc;
  return 0;
#endif
}

Determining if the function pthread_create exists in the pthreads failed with the following output:
Change Dir: /root/final/OpenISS/oglBuild/CMakeFiles/CMakeTmp

Run Build Command:"/usr/bin/gmake" "cmTC_f71fe/fast"
/usr/bin/gmake -f CMakeFiles/cmTC_f71fe.dir/build.make CMakeFiles/cmTC_f71fe.dir/build
gmake[1]: Entering directory `/root/final/OpenISS/oglBuild/CMakeFiles/CMakeTmp'
Building C object CMakeFiles/cmTC_f71fe.dir/CheckFunctionExists.c.o
/usr/bin/cc    -DCHECK_FUNCTION_EXISTS=pthread_create   -o CMakeFiles/cmTC_f71fe.dir/CheckFunctionExists.c.o   -c /usr/share/cmake3/Modules/CheckFunctionExists.c
Linking C executable cmTC_f71fe
/usr/bin/cmake3 -E cmake_link_script CMakeFiles/cmTC_f71fe.dir/link.txt --verbose=1
/usr/bin/cc   -DCHECK_FUNCTION_EXISTS=pthread_create    CMakeFiles/cmTC_f71fe.dir/CheckFunctionExists.c.o  -o cmTC_f71fe -rdynamic -lpthreads 
/usr/bin/ld: cannot find -lpthreads
collect2: ld returned 1 exit status
gmake[1]: *** [cmTC_f71fe] Error 1
gmake[1]: Leaving directory `/root/final/OpenISS/oglBuild/CMakeFiles/CMakeTmp'
gmake: *** [cmTC_f71fe/fast] Error 2


