The system is: Linux - 2.6.32-642.6.2.el6.x86_64 - x86_64
Compiling the C compiler identification source file "CMakeCCompilerId.c" succeeded.
Compiler: /usr/bin/cc 
Build flags: 
Id flags: 

The output was:
0


Compilation of the C compiler identification source "CMakeCCompilerId.c" produced "a.out"

The C compiler identification is GNU, found in "/root/final/OpenISS/oglBuild/CMakeFiles/3.6.1/CompilerIdC/a.out"

Compiling the CXX compiler identification source file "CMakeCXXCompilerId.cpp" succeeded.
Compiler: /usr/bin/c++ 
Build flags: 
Id flags: 

The output was:
0


Compilation of the CXX compiler identification source "CMakeCXXCompilerId.cpp" produced "a.out"

The CXX compiler identification is GNU, found in "/root/final/OpenISS/oglBuild/CMakeFiles/3.6.1/CompilerIdCXX/a.out"

Determining if the C compiler works passed with the following output:
Change Dir: /root/final/OpenISS/oglBuild/CMakeFiles/CMakeTmp

Run Build Command:"/usr/bin/gmake" "cmTC_dd26c/fast"
/usr/bin/gmake -f CMakeFiles/cmTC_dd26c.dir/build.make CMakeFiles/cmTC_dd26c.dir/build
gmake[1]: Entering directory `/root/final/OpenISS/oglBuild/CMakeFiles/CMakeTmp'
Building C object CMakeFiles/cmTC_dd26c.dir/testCCompiler.c.o
/usr/bin/cc     -o CMakeFiles/cmTC_dd26c.dir/testCCompiler.c.o   -c /root/final/OpenISS/oglBuild/CMakeFiles/CMakeTmp/testCCompiler.c
Linking C executable cmTC_dd26c
/usr/bin/cmake3 -E cmake_link_script CMakeFiles/cmTC_dd26c.dir/link.txt --verbose=1
/usr/bin/cc       CMakeFiles/cmTC_dd26c.dir/testCCompiler.c.o  -o cmTC_dd26c -rdynamic 
gmake[1]: Leaving directory `/root/final/OpenISS/oglBuild/CMakeFiles/CMakeTmp'


Detecting C compiler ABI info compiled with the following output:
Change Dir: /root/final/OpenISS/oglBuild/CMakeFiles/CMakeTmp

Run Build Command:"/usr/bin/gmake" "cmTC_e8e05/fast"
/usr/bin/gmake -f CMakeFiles/cmTC_e8e05.dir/build.make CMakeFiles/cmTC_e8e05.dir/build
gmake[1]: Entering directory `/root/final/OpenISS/oglBuild/CMakeFiles/CMakeTmp'
Building C object CMakeFiles/cmTC_e8e05.dir/CMakeCCompilerABI.c.o
/usr/bin/cc     -o CMakeFiles/cmTC_e8e05.dir/CMakeCCompilerABI.c.o   -c /usr/share/cmake3/Modules/CMakeCCompilerABI.c
Linking C executable cmTC_e8e05
/usr/bin/cmake3 -E cmake_link_script CMakeFiles/cmTC_e8e05.dir/link.txt --verbose=1
/usr/bin/cc      -v CMakeFiles/cmTC_e8e05.dir/CMakeCCompilerABI.c.o  -o cmTC_e8e05 -rdynamic  
Using built-in specs.
Target: x86_64-redhat-linux
Configured with: ../configure --prefix=/usr --mandir=/usr/share/man --infodir=/usr/share/info --with-bugurl=http://bugzilla.redhat.com/bugzilla --enable-bootstrap --enable-shared --enable-threads=posix --enable-checking=release --with-system-zlib --enable-__cxa_atexit --disable-libunwind-exceptions --enable-gnu-unique-object --enable-languages=c,c++,objc,obj-c++,java,fortran,ada --enable-java-awt=gtk --disable-dssi --with-java-home=/usr/lib/jvm/java-1.5.0-gcj-1.5.0.0/jre --enable-libgcj-multifile --enable-java-maintainer-mode --with-ecj-jar=/usr/share/java/eclipse-ecj.jar --disable-libjava-multilib --with-ppl --with-cloog --with-tune=generic --with-arch_32=i686 --build=x86_64-redhat-linux
Thread model: posix
gcc version 4.4.7 20120313 (Red Hat 4.4.7-17) (GCC) 
COMPILER_PATH=/usr/libexec/gcc/x86_64-redhat-linux/4.4.7/:/usr/libexec/gcc/x86_64-redhat-linux/4.4.7/:/usr/libexec/gcc/x86_64-redhat-linux/:/usr/lib/gcc/x86_64-redhat-linux/4.4.7/:/usr/lib/gcc/x86_64-redhat-linux/:/usr/libexec/gcc/x86_64-redhat-linux/4.4.7/:/usr/libexec/gcc/x86_64-redhat-linux/:/usr/lib/gcc/x86_64-redhat-linux/4.4.7/:/usr/lib/gcc/x86_64-redhat-linux/
LIBRARY_PATH=/usr/lib/gcc/x86_64-redhat-linux/4.4.7/:/usr/lib/gcc/x86_64-redhat-linux/4.4.7/:/usr/lib/gcc/x86_64-redhat-linux/4.4.7/../../../../lib64/:/lib/../lib64/:/usr/lib/../lib64/:/usr/lib/gcc/x86_64-redhat-linux/4.4.7/../../../:/lib/:/usr/lib/
COLLECT_GCC_OPTIONS='-v' '-o' 'cmTC_e8e05' '-rdynamic' '-mtune=generic'
 /usr/libexec/gcc/x86_64-redhat-linux/4.4.7/collect2 --eh-frame-hdr --build-id -m elf_x86_64 --hash-style=gnu -export-dynamic -dynamic-linker /lib64/ld-linux-x86-64.so.2 -o cmTC_e8e05 /usr/lib/gcc/x86_64-redhat-linux/4.4.7/../../../../lib64/crt1.o /usr/lib/gcc/x86_64-redhat-linux/4.4.7/../../../../lib64/crti.o /usr/lib/gcc/x86_64-redhat-linux/4.4.7/crtbegin.o -L/usr/lib/gcc/x86_64-redhat-linux/4.4.7 -L/usr/lib/gcc/x86_64-redhat-linux/4.4.7 -L/usr/lib/gcc/x86_64-redhat-linux/4.4.7/../../../../lib64 -L/lib/../lib64 -L/usr/lib/../lib64 -L/usr/lib/gcc/x86_64-redhat-linux/4.4.7/../../.. CMakeFiles/cmTC_e8e05.dir/CMakeCCompilerABI.c.o -lgcc --as-needed -lgcc_s --no-as-needed -lc -lgcc --as-needed -lgcc_s --no-as-needed /usr/lib/gcc/x86_64-redhat-linux/4.4.7/crtend.o /usr/lib/gcc/x86_64-redhat-linux/4.4.7/../../../../lib64/crtn.o
gmake[1]: Leaving directory `/root/final/OpenISS/oglBuild/CMakeFiles/CMakeTmp'


Parsed C implicit link information from above output:
  link line regex: [^( *|.*[/\])(ld|([^/\]+-)?ld|collect2)[^/\]*( |$)]
  ignore line: [Change Dir: /root/final/OpenISS/oglBuild/CMakeFiles/CMakeTmp]
  ignore line: []
  ignore line: [Run Build Command:"/usr/bin/gmake" "cmTC_e8e05/fast"]
  ignore line: [/usr/bin/gmake -f CMakeFiles/cmTC_e8e05.dir/build.make CMakeFiles/cmTC_e8e05.dir/build]
  ignore line: [gmake[1]: Entering directory `/root/final/OpenISS/oglBuild/CMakeFiles/CMakeTmp']
  ignore line: [Building C object CMakeFiles/cmTC_e8e05.dir/CMakeCCompilerABI.c.o]
  ignore line: [/usr/bin/cc     -o CMakeFiles/cmTC_e8e05.dir/CMakeCCompilerABI.c.o   -c /usr/share/cmake3/Modules/CMakeCCompilerABI.c]
  ignore line: [Linking C executable cmTC_e8e05]
  ignore line: [/usr/bin/cmake3 -E cmake_link_script CMakeFiles/cmTC_e8e05.dir/link.txt --verbose=1]
  ignore line: [/usr/bin/cc      -v CMakeFiles/cmTC_e8e05.dir/CMakeCCompilerABI.c.o  -o cmTC_e8e05 -rdynamic  ]
  ignore line: [Using built-in specs.]
  ignore line: [Target: x86_64-redhat-linux]
  ignore line: [Configured with: ../configure --prefix=/usr --mandir=/usr/share/man --infodir=/usr/share/info --with-bugurl=http://bugzilla.redhat.com/bugzilla --enable-bootstrap --enable-shared --enable-threads=posix --enable-checking=release --with-system-zlib --enable-__cxa_atexit --disable-libunwind-exceptions --enable-gnu-unique-object --enable-languages=c,c++,objc,obj-c++,java,fortran,ada --enable-java-awt=gtk --disable-dssi --with-java-home=/usr/lib/jvm/java-1.5.0-gcj-1.5.0.0/jre --enable-libgcj-multifile --enable-java-maintainer-mode --with-ecj-jar=/usr/share/java/eclipse-ecj.jar --disable-libjava-multilib --with-ppl --with-cloog --with-tune=generic --with-arch_32=i686 --build=x86_64-redhat-linux]
  ignore line: [Thread model: posix]
  ignore line: [gcc version 4.4.7 20120313 (Red Hat 4.4.7-17) (GCC) ]
  ignore line: [COMPILER_PATH=/usr/libexec/gcc/x86_64-redhat-linux/4.4.7/:/usr/libexec/gcc/x86_64-redhat-linux/4.4.7/:/usr/libexec/gcc/x86_64-redhat-linux/:/usr/lib/gcc/x86_64-redhat-linux/4.4.7/:/usr/lib/gcc/x86_64-redhat-linux/:/usr/libexec/gcc/x86_64-redhat-linux/4.4.7/:/usr/libexec/gcc/x86_64-redhat-linux/:/usr/lib/gcc/x86_64-redhat-linux/4.4.7/:/usr/lib/gcc/x86_64-redhat-linux/]
  ignore line: [LIBRARY_PATH=/usr/lib/gcc/x86_64-redhat-linux/4.4.7/:/usr/lib/gcc/x86_64-redhat-linux/4.4.7/:/usr/lib/gcc/x86_64-redhat-linux/4.4.7/../../../../lib64/:/lib/../lib64/:/usr/lib/../lib64/:/usr/lib/gcc/x86_64-redhat-linux/4.4.7/../../../:/lib/:/usr/lib/]
  ignore line: [COLLECT_GCC_OPTIONS='-v' '-o' 'cmTC_e8e05' '-rdynamic' '-mtune=generic']
  link line: [ /usr/libexec/gcc/x86_64-redhat-linux/4.4.7/collect2 --eh-frame-hdr --build-id -m elf_x86_64 --hash-style=gnu -export-dynamic -dynamic-linker /lib64/ld-linux-x86-64.so.2 -o cmTC_e8e05 /usr/lib/gcc/x86_64-redhat-linux/4.4.7/../../../../lib64/crt1.o /usr/lib/gcc/x86_64-redhat-linux/4.4.7/../../../../lib64/crti.o /usr/lib/gcc/x86_64-redhat-linux/4.4.7/crtbegin.o -L/usr/lib/gcc/x86_64-redhat-linux/4.4.7 -L/usr/lib/gcc/x86_64-redhat-linux/4.4.7 -L/usr/lib/gcc/x86_64-redhat-linux/4.4.7/../../../../lib64 -L/lib/../lib64 -L/usr/lib/../lib64 -L/usr/lib/gcc/x86_64-redhat-linux/4.4.7/../../.. CMakeFiles/cmTC_e8e05.dir/CMakeCCompilerABI.c.o -lgcc --as-needed -lgcc_s --no-as-needed -lc -lgcc --as-needed -lgcc_s --no-as-needed /usr/lib/gcc/x86_64-redhat-linux/4.4.7/crtend.o /usr/lib/gcc/x86_64-redhat-linux/4.4.7/../../../../lib64/crtn.o]
    arg [/usr/libexec/gcc/x86_64-redhat-linux/4.4.7/collect2] ==> ignore
    arg [--eh-frame-hdr] ==> ignore
    arg [--build-id] ==> ignore
    arg [-m] ==> ignore
    arg [elf_x86_64] ==> ignore
    arg [--hash-style=gnu] ==> ignore
    arg [-export-dynamic] ==> ignore
    arg [-dynamic-linker] ==> ignore
    arg [/lib64/ld-linux-x86-64.so.2] ==> ignore
    arg [-o] ==> ignore
    arg [cmTC_e8e05] ==> ignore
    arg [/usr/lib/gcc/x86_64-redhat-linux/4.4.7/../../../../lib64/crt1.o] ==> ignore
    arg [/usr/lib/gcc/x86_64-redhat-linux/4.4.7/../../../../lib64/crti.o] ==> ignore
    arg [/usr/lib/gcc/x86_64-redhat-linux/4.4.7/crtbegin.o] ==> ignore
    arg [-L/usr/lib/gcc/x86_64-redhat-linux/4.4.7] ==> dir [/usr/lib/gcc/x86_64-redhat-linux/4.4.7]
    arg [-L/usr/lib/gcc/x86_64-redhat-linux/4.4.7] ==> dir [/usr/lib/gcc/x86_64-redhat-linux/4.4.7]
    arg [-L/usr/lib/gcc/x86_64-redhat-linux/4.4.7/../../../../lib64] ==> dir [/usr/lib/gcc/x86_64-redhat-linux/4.4.7/../../../../lib64]
    arg [-L/lib/../lib64] ==> dir [/lib/../lib64]
    arg [-L/usr/lib/../lib64] ==> dir [/usr/lib/../lib64]
    arg [-L/usr/lib/gcc/x86_64-redhat-linux/4.4.7/../../..] ==> dir [/usr/lib/gcc/x86_64-redhat-linux/4.4.7/../../..]
    arg [CMakeFiles/cmTC_e8e05.dir/CMakeCCompilerABI.c.o] ==> ignore
    arg [-lgcc] ==> lib [gcc]
    arg [--as-needed] ==> ignore
    arg [-lgcc_s] ==> lib [gcc_s]
    arg [--no-as-needed] ==> ignore
    arg [-lc] ==> lib [c]
    arg [-lgcc] ==> lib [gcc]
    arg [--as-needed] ==> ignore
    arg [-lgcc_s] ==> lib [gcc_s]
    arg [--no-as-needed] ==> ignore
    arg [/usr/lib/gcc/x86_64-redhat-linux/4.4.7/crtend.o] ==> ignore
    arg [/usr/lib/gcc/x86_64-redhat-linux/4.4.7/../../../../lib64/crtn.o] ==> ignore
  remove lib [gcc]
  remove lib [gcc_s]
  remove lib [gcc]
  remove lib [gcc_s]
  collapse library dir [/usr/lib/gcc/x86_64-redhat-linux/4.4.7] ==> [/usr/lib/gcc/x86_64-redhat-linux/4.4.7]
  collapse library dir [/usr/lib/gcc/x86_64-redhat-linux/4.4.7] ==> [/usr/lib/gcc/x86_64-redhat-linux/4.4.7]
  collapse library dir [/usr/lib/gcc/x86_64-redhat-linux/4.4.7/../../../../lib64] ==> [/usr/lib64]
  collapse library dir [/lib/../lib64] ==> [/lib64]
  collapse library dir [/usr/lib/../lib64] ==> [/usr/lib64]
  collapse library dir [/usr/lib/gcc/x86_64-redhat-linux/4.4.7/../../..] ==> [/usr/lib]
  implicit libs: [c]
  implicit dirs: [/usr/lib/gcc/x86_64-redhat-linux/4.4.7;/usr/lib64;/lib64;/usr/lib]
  implicit fwks: []




Detecting C [-std=c99] compiler features compiled with the following output:
Change Dir: /root/final/OpenISS/oglBuild/CMakeFiles/CMakeTmp

Run Build Command:"/usr/bin/gmake" "cmTC_91e91/fast"
/usr/bin/gmake -f CMakeFiles/cmTC_91e91.dir/build.make CMakeFiles/cmTC_91e91.dir/build
gmake[1]: Entering directory `/root/final/OpenISS/oglBuild/CMakeFiles/CMakeTmp'
Building C object CMakeFiles/cmTC_91e91.dir/feature_tests.c.o
/usr/bin/cc    -std=c99 -o CMakeFiles/cmTC_91e91.dir/feature_tests.c.o   -c /root/final/OpenISS/oglBuild/CMakeFiles/feature_tests.c
Linking C executable cmTC_91e91
/usr/bin/cmake3 -E cmake_link_script CMakeFiles/cmTC_91e91.dir/link.txt --verbose=1
/usr/bin/cc       CMakeFiles/cmTC_91e91.dir/feature_tests.c.o  -o cmTC_91e91 -rdynamic 
gmake[1]: Leaving directory `/root/final/OpenISS/oglBuild/CMakeFiles/CMakeTmp'


    Feature record: C_FEATURE:1c_function_prototypes
    Feature record: C_FEATURE:1c_restrict
    Feature record: C_FEATURE:0c_static_assert
    Feature record: C_FEATURE:1c_variadic_macros


Detecting C [-std=c89] compiler features compiled with the following output:
Change Dir: /root/final/OpenISS/oglBuild/CMakeFiles/CMakeTmp

Run Build Command:"/usr/bin/gmake" "cmTC_75a0e/fast"
/usr/bin/gmake -f CMakeFiles/cmTC_75a0e.dir/build.make CMakeFiles/cmTC_75a0e.dir/build
gmake[1]: Entering directory `/root/final/OpenISS/oglBuild/CMakeFiles/CMakeTmp'
Building C object CMakeFiles/cmTC_75a0e.dir/feature_tests.c.o
/usr/bin/cc    -std=c89 -o CMakeFiles/cmTC_75a0e.dir/feature_tests.c.o   -c /root/final/OpenISS/oglBuild/CMakeFiles/feature_tests.c
Linking C executable cmTC_75a0e
/usr/bin/cmake3 -E cmake_link_script CMakeFiles/cmTC_75a0e.dir/link.txt --verbose=1
/usr/bin/cc       CMakeFiles/cmTC_75a0e.dir/feature_tests.c.o  -o cmTC_75a0e -rdynamic 
gmake[1]: Leaving directory `/root/final/OpenISS/oglBuild/CMakeFiles/CMakeTmp'


    Feature record: C_FEATURE:1c_function_prototypes
    Feature record: C_FEATURE:0c_restrict
    Feature record: C_FEATURE:0c_static_assert
    Feature record: C_FEATURE:0c_variadic_macros
Determining if the CXX compiler works passed with the following output:
Change Dir: /root/final/OpenISS/oglBuild/CMakeFiles/CMakeTmp

Run Build Command:"/usr/bin/gmake" "cmTC_29166/fast"
/usr/bin/gmake -f CMakeFiles/cmTC_29166.dir/build.make CMakeFiles/cmTC_29166.dir/build
gmake[1]: Entering directory `/root/final/OpenISS/oglBuild/CMakeFiles/CMakeTmp'
Building CXX object CMakeFiles/cmTC_29166.dir/testCXXCompiler.cxx.o
/usr/bin/c++      -o CMakeFiles/cmTC_29166.dir/testCXXCompiler.cxx.o -c /root/final/OpenISS/oglBuild/CMakeFiles/CMakeTmp/testCXXCompiler.cxx
Linking CXX executable cmTC_29166
/usr/bin/cmake3 -E cmake_link_script CMakeFiles/cmTC_29166.dir/link.txt --verbose=1
/usr/bin/c++        CMakeFiles/cmTC_29166.dir/testCXXCompiler.cxx.o  -o cmTC_29166 -rdynamic 
gmake[1]: Leaving directory `/root/final/OpenISS/oglBuild/CMakeFiles/CMakeTmp'


Detecting CXX compiler ABI info compiled with the following output:
Change Dir: /root/final/OpenISS/oglBuild/CMakeFiles/CMakeTmp

Run Build Command:"/usr/bin/gmake" "cmTC_c9b70/fast"
/usr/bin/gmake -f CMakeFiles/cmTC_c9b70.dir/build.make CMakeFiles/cmTC_c9b70.dir/build
gmake[1]: Entering directory `/root/final/OpenISS/oglBuild/CMakeFiles/CMakeTmp'
Building CXX object CMakeFiles/cmTC_c9b70.dir/CMakeCXXCompilerABI.cpp.o
/usr/bin/c++      -o CMakeFiles/cmTC_c9b70.dir/CMakeCXXCompilerABI.cpp.o -c /usr/share/cmake3/Modules/CMakeCXXCompilerABI.cpp
Linking CXX executable cmTC_c9b70
/usr/bin/cmake3 -E cmake_link_script CMakeFiles/cmTC_c9b70.dir/link.txt --verbose=1
/usr/bin/c++       -v CMakeFiles/cmTC_c9b70.dir/CMakeCXXCompilerABI.cpp.o  -o cmTC_c9b70 -rdynamic  
Using built-in specs.
Target: x86_64-redhat-linux
Configured with: ../configure --prefix=/usr --mandir=/usr/share/man --infodir=/usr/share/info --with-bugurl=http://bugzilla.redhat.com/bugzilla --enable-bootstrap --enable-shared --enable-threads=posix --enable-checking=release --with-system-zlib --enable-__cxa_atexit --disable-libunwind-exceptions --enable-gnu-unique-object --enable-languages=c,c++,objc,obj-c++,java,fortran,ada --enable-java-awt=gtk --disable-dssi --with-java-home=/usr/lib/jvm/java-1.5.0-gcj-1.5.0.0/jre --enable-libgcj-multifile --enable-java-maintainer-mode --with-ecj-jar=/usr/share/java/eclipse-ecj.jar --disable-libjava-multilib --with-ppl --with-cloog --with-tune=generic --with-arch_32=i686 --build=x86_64-redhat-linux
Thread model: posix
gcc version 4.4.7 20120313 (Red Hat 4.4.7-17) (GCC) 
COMPILER_PATH=/usr/libexec/gcc/x86_64-redhat-linux/4.4.7/:/usr/libexec/gcc/x86_64-redhat-linux/4.4.7/:/usr/libexec/gcc/x86_64-redhat-linux/:/usr/lib/gcc/x86_64-redhat-linux/4.4.7/:/usr/lib/gcc/x86_64-redhat-linux/:/usr/libexec/gcc/x86_64-redhat-linux/4.4.7/:/usr/libexec/gcc/x86_64-redhat-linux/:/usr/lib/gcc/x86_64-redhat-linux/4.4.7/:/usr/lib/gcc/x86_64-redhat-linux/
LIBRARY_PATH=/usr/lib/gcc/x86_64-redhat-linux/4.4.7/:/usr/lib/gcc/x86_64-redhat-linux/4.4.7/:/usr/lib/gcc/x86_64-redhat-linux/4.4.7/../../../../lib64/:/lib/../lib64/:/usr/lib/../lib64/:/usr/lib/gcc/x86_64-redhat-linux/4.4.7/../../../:/lib/:/usr/lib/
COLLECT_GCC_OPTIONS='-v' '-o' 'cmTC_c9b70' '-rdynamic' '-shared-libgcc' '-mtune=generic'
 /usr/libexec/gcc/x86_64-redhat-linux/4.4.7/collect2 --eh-frame-hdr --build-id -m elf_x86_64 --hash-style=gnu -export-dynamic -dynamic-linker /lib64/ld-linux-x86-64.so.2 -o cmTC_c9b70 /usr/lib/gcc/x86_64-redhat-linux/4.4.7/../../../../lib64/crt1.o /usr/lib/gcc/x86_64-redhat-linux/4.4.7/../../../../lib64/crti.o /usr/lib/gcc/x86_64-redhat-linux/4.4.7/crtbegin.o -L/usr/lib/gcc/x86_64-redhat-linux/4.4.7 -L/usr/lib/gcc/x86_64-redhat-linux/4.4.7 -L/usr/lib/gcc/x86_64-redhat-linux/4.4.7/../../../../lib64 -L/lib/../lib64 -L/usr/lib/../lib64 -L/usr/lib/gcc/x86_64-redhat-linux/4.4.7/../../.. CMakeFiles/cmTC_c9b70.dir/CMakeCXXCompilerABI.cpp.o -lstdc++ -lm -lgcc_s -lgcc -lc -lgcc_s -lgcc /usr/lib/gcc/x86_64-redhat-linux/4.4.7/crtend.o /usr/lib/gcc/x86_64-redhat-linux/4.4.7/../../../../lib64/crtn.o
gmake[1]: Leaving directory `/root/final/OpenISS/oglBuild/CMakeFiles/CMakeTmp'


Parsed CXX implicit link information from above output:
  link line regex: [^( *|.*[/\])(ld|([^/\]+-)?ld|collect2)[^/\]*( |$)]
  ignore line: [Change Dir: /root/final/OpenISS/oglBuild/CMakeFiles/CMakeTmp]
  ignore line: []
  ignore line: [Run Build Command:"/usr/bin/gmake" "cmTC_c9b70/fast"]
  ignore line: [/usr/bin/gmake -f CMakeFiles/cmTC_c9b70.dir/build.make CMakeFiles/cmTC_c9b70.dir/build]
  ignore line: [gmake[1]: Entering directory `/root/final/OpenISS/oglBuild/CMakeFiles/CMakeTmp']
  ignore line: [Building CXX object CMakeFiles/cmTC_c9b70.dir/CMakeCXXCompilerABI.cpp.o]
  ignore line: [/usr/bin/c++      -o CMakeFiles/cmTC_c9b70.dir/CMakeCXXCompilerABI.cpp.o -c /usr/share/cmake3/Modules/CMakeCXXCompilerABI.cpp]
  ignore line: [Linking CXX executable cmTC_c9b70]
  ignore line: [/usr/bin/cmake3 -E cmake_link_script CMakeFiles/cmTC_c9b70.dir/link.txt --verbose=1]
  ignore line: [/usr/bin/c++       -v CMakeFiles/cmTC_c9b70.dir/CMakeCXXCompilerABI.cpp.o  -o cmTC_c9b70 -rdynamic  ]
  ignore line: [Using built-in specs.]
  ignore line: [Target: x86_64-redhat-linux]
  ignore line: [Configured with: ../configure --prefix=/usr --mandir=/usr/share/man --infodir=/usr/share/info --with-bugurl=http://bugzilla.redhat.com/bugzilla --enable-bootstrap --enable-shared --enable-threads=posix --enable-checking=release --with-system-zlib --enable-__cxa_atexit --disable-libunwind-exceptions --enable-gnu-unique-object --enable-languages=c,c++,objc,obj-c++,java,fortran,ada --enable-java-awt=gtk --disable-dssi --with-java-home=/usr/lib/jvm/java-1.5.0-gcj-1.5.0.0/jre --enable-libgcj-multifile --enable-java-maintainer-mode --with-ecj-jar=/usr/share/java/eclipse-ecj.jar --disable-libjava-multilib --with-ppl --with-cloog --with-tune=generic --with-arch_32=i686 --build=x86_64-redhat-linux]
  ignore line: [Thread model: posix]
  ignore line: [gcc version 4.4.7 20120313 (Red Hat 4.4.7-17) (GCC) ]
  ignore line: [COMPILER_PATH=/usr/libexec/gcc/x86_64-redhat-linux/4.4.7/:/usr/libexec/gcc/x86_64-redhat-linux/4.4.7/:/usr/libexec/gcc/x86_64-redhat-linux/:/usr/lib/gcc/x86_64-redhat-linux/4.4.7/:/usr/lib/gcc/x86_64-redhat-linux/:/usr/libexec/gcc/x86_64-redhat-linux/4.4.7/:/usr/libexec/gcc/x86_64-redhat-linux/:/usr/lib/gcc/x86_64-redhat-linux/4.4.7/:/usr/lib/gcc/x86_64-redhat-linux/]
  ignore line: [LIBRARY_PATH=/usr/lib/gcc/x86_64-redhat-linux/4.4.7/:/usr/lib/gcc/x86_64-redhat-linux/4.4.7/:/usr/lib/gcc/x86_64-redhat-linux/4.4.7/../../../../lib64/:/lib/../lib64/:/usr/lib/../lib64/:/usr/lib/gcc/x86_64-redhat-linux/4.4.7/../../../:/lib/:/usr/lib/]
  ignore line: [COLLECT_GCC_OPTIONS='-v' '-o' 'cmTC_c9b70' '-rdynamic' '-shared-libgcc' '-mtune=generic']
  link line: [ /usr/libexec/gcc/x86_64-redhat-linux/4.4.7/collect2 --eh-frame-hdr --build-id -m elf_x86_64 --hash-style=gnu -export-dynamic -dynamic-linker /lib64/ld-linux-x86-64.so.2 -o cmTC_c9b70 /usr/lib/gcc/x86_64-redhat-linux/4.4.7/../../../../lib64/crt1.o /usr/lib/gcc/x86_64-redhat-linux/4.4.7/../../../../lib64/crti.o /usr/lib/gcc/x86_64-redhat-linux/4.4.7/crtbegin.o -L/usr/lib/gcc/x86_64-redhat-linux/4.4.7 -L/usr/lib/gcc/x86_64-redhat-linux/4.4.7 -L/usr/lib/gcc/x86_64-redhat-linux/4.4.7/../../../../lib64 -L/lib/../lib64 -L/usr/lib/../lib64 -L/usr/lib/gcc/x86_64-redhat-linux/4.4.7/../../.. CMakeFiles/cmTC_c9b70.dir/CMakeCXXCompilerABI.cpp.o -lstdc++ -lm -lgcc_s -lgcc -lc -lgcc_s -lgcc /usr/lib/gcc/x86_64-redhat-linux/4.4.7/crtend.o /usr/lib/gcc/x86_64-redhat-linux/4.4.7/../../../../lib64/crtn.o]
    arg [/usr/libexec/gcc/x86_64-redhat-linux/4.4.7/collect2] ==> ignore
    arg [--eh-frame-hdr] ==> ignore
    arg [--build-id] ==> ignore
    arg [-m] ==> ignore
    arg [elf_x86_64] ==> ignore
    arg [--hash-style=gnu] ==> ignore
    arg [-export-dynamic] ==> ignore
    arg [-dynamic-linker] ==> ignore
    arg [/lib64/ld-linux-x86-64.so.2] ==> ignore
    arg [-o] ==> ignore
    arg [cmTC_c9b70] ==> ignore
    arg [/usr/lib/gcc/x86_64-redhat-linux/4.4.7/../../../../lib64/crt1.o] ==> ignore
    arg [/usr/lib/gcc/x86_64-redhat-linux/4.4.7/../../../../lib64/crti.o] ==> ignore
    arg [/usr/lib/gcc/x86_64-redhat-linux/4.4.7/crtbegin.o] ==> ignore
    arg [-L/usr/lib/gcc/x86_64-redhat-linux/4.4.7] ==> dir [/usr/lib/gcc/x86_64-redhat-linux/4.4.7]
    arg [-L/usr/lib/gcc/x86_64-redhat-linux/4.4.7] ==> dir [/usr/lib/gcc/x86_64-redhat-linux/4.4.7]
    arg [-L/usr/lib/gcc/x86_64-redhat-linux/4.4.7/../../../../lib64] ==> dir [/usr/lib/gcc/x86_64-redhat-linux/4.4.7/../../../../lib64]
    arg [-L/lib/../lib64] ==> dir [/lib/../lib64]
    arg [-L/usr/lib/../lib64] ==> dir [/usr/lib/../lib64]
    arg [-L/usr/lib/gcc/x86_64-redhat-linux/4.4.7/../../..] ==> dir [/usr/lib/gcc/x86_64-redhat-linux/4.4.7/../../..]
    arg [CMakeFiles/cmTC_c9b70.dir/CMakeCXXCompilerABI.cpp.o] ==> ignore
    arg [-lstdc++] ==> lib [stdc++]
    arg [-lm] ==> lib [m]
    arg [-lgcc_s] ==> lib [gcc_s]
    arg [-lgcc] ==> lib [gcc]
    arg [-lc] ==> lib [c]
    arg [-lgcc_s] ==> lib [gcc_s]
    arg [-lgcc] ==> lib [gcc]
    arg [/usr/lib/gcc/x86_64-redhat-linux/4.4.7/crtend.o] ==> ignore
    arg [/usr/lib/gcc/x86_64-redhat-linux/4.4.7/../../../../lib64/crtn.o] ==> ignore
  remove lib [gcc_s]
  remove lib [gcc]
  remove lib [gcc_s]
  remove lib [gcc]
  collapse library dir [/usr/lib/gcc/x86_64-redhat-linux/4.4.7] ==> [/usr/lib/gcc/x86_64-redhat-linux/4.4.7]
  collapse library dir [/usr/lib/gcc/x86_64-redhat-linux/4.4.7] ==> [/usr/lib/gcc/x86_64-redhat-linux/4.4.7]
  collapse library dir [/usr/lib/gcc/x86_64-redhat-linux/4.4.7/../../../../lib64] ==> [/usr/lib64]
  collapse library dir [/lib/../lib64] ==> [/lib64]
  collapse library dir [/usr/lib/../lib64] ==> [/usr/lib64]
  collapse library dir [/usr/lib/gcc/x86_64-redhat-linux/4.4.7/../../..] ==> [/usr/lib]
  implicit libs: [stdc++;m;c]
  implicit dirs: [/usr/lib/gcc/x86_64-redhat-linux/4.4.7;/usr/lib64;/lib64;/usr/lib]
  implicit fwks: []




Detecting CXX [-std=c++0x] compiler features compiled with the following output:
Change Dir: /root/final/OpenISS/oglBuild/CMakeFiles/CMakeTmp

Run Build Command:"/usr/bin/gmake" "cmTC_51eb7/fast"
/usr/bin/gmake -f CMakeFiles/cmTC_51eb7.dir/build.make CMakeFiles/cmTC_51eb7.dir/build
gmake[1]: Entering directory `/root/final/OpenISS/oglBuild/CMakeFiles/CMakeTmp'
Building CXX object CMakeFiles/cmTC_51eb7.dir/feature_tests.cxx.o
/usr/bin/c++     -std=c++0x -o CMakeFiles/cmTC_51eb7.dir/feature_tests.cxx.o -c /root/final/OpenISS/oglBuild/CMakeFiles/feature_tests.cxx
Linking CXX executable cmTC_51eb7
/usr/bin/cmake3 -E cmake_link_script CMakeFiles/cmTC_51eb7.dir/link.txt --verbose=1
/usr/bin/c++        CMakeFiles/cmTC_51eb7.dir/feature_tests.cxx.o  -o cmTC_51eb7 -rdynamic 
gmake[1]: Leaving directory `/root/final/OpenISS/oglBuild/CMakeFiles/CMakeTmp'


    Feature record: CXX_FEATURE:0cxx_aggregate_default_initializers
    Feature record: CXX_FEATURE:0cxx_alias_templates
    Feature record: CXX_FEATURE:0cxx_alignas
    Feature record: CXX_FEATURE:0cxx_alignof
    Feature record: CXX_FEATURE:0cxx_attributes
    Feature record: CXX_FEATURE:0cxx_attribute_deprecated
    Feature record: CXX_FEATURE:1cxx_auto_type
    Feature record: CXX_FEATURE:0cxx_binary_literals
    Feature record: CXX_FEATURE:0cxx_constexpr
    Feature record: CXX_FEATURE:0cxx_contextual_conversions
    Feature record: CXX_FEATURE:1cxx_decltype
    Feature record: CXX_FEATURE:0cxx_decltype_auto
    Feature record: CXX_FEATURE:0cxx_decltype_incomplete_return_types
    Feature record: CXX_FEATURE:1cxx_default_function_template_args
    Feature record: CXX_FEATURE:1cxx_defaulted_functions
    Feature record: CXX_FEATURE:0cxx_defaulted_move_initializers
    Feature record: CXX_FEATURE:0cxx_delegating_constructors
    Feature record: CXX_FEATURE:1cxx_deleted_functions
    Feature record: CXX_FEATURE:0cxx_digit_separators
    Feature record: CXX_FEATURE:0cxx_enum_forward_declarations
    Feature record: CXX_FEATURE:0cxx_explicit_conversions
    Feature record: CXX_FEATURE:0cxx_extended_friend_declarations
    Feature record: CXX_FEATURE:1cxx_extern_templates
    Feature record: CXX_FEATURE:0cxx_final
    Feature record: CXX_FEATURE:1cxx_func_identifier
    Feature record: CXX_FEATURE:1cxx_generalized_initializers
    Feature record: CXX_FEATURE:0cxx_generic_lambdas
    Feature record: CXX_FEATURE:0cxx_inheriting_constructors
    Feature record: CXX_FEATURE:1cxx_inline_namespaces
    Feature record: CXX_FEATURE:0cxx_lambdas
    Feature record: CXX_FEATURE:0cxx_lambda_init_captures
    Feature record: CXX_FEATURE:0cxx_local_type_template_args
    Feature record: CXX_FEATURE:1cxx_long_long_type
    Feature record: CXX_FEATURE:0cxx_noexcept
    Feature record: CXX_FEATURE:0cxx_nonstatic_member_init
    Feature record: CXX_FEATURE:0cxx_nullptr
    Feature record: CXX_FEATURE:0cxx_override
    Feature record: CXX_FEATURE:0cxx_range_for
    Feature record: CXX_FEATURE:0cxx_raw_string_literals
    Feature record: CXX_FEATURE:0cxx_reference_qualified_functions
    Feature record: CXX_FEATURE:0cxx_relaxed_constexpr
    Feature record: CXX_FEATURE:0cxx_return_type_deduction
    Feature record: CXX_FEATURE:1cxx_right_angle_brackets
    Feature record: CXX_FEATURE:1cxx_rvalue_references
    Feature record: CXX_FEATURE:1cxx_sizeof_member
    Feature record: CXX_FEATURE:1cxx_static_assert
    Feature record: CXX_FEATURE:1cxx_strong_enums
    Feature record: CXX_FEATURE:1cxx_template_template_parameters
    Feature record: CXX_FEATURE:0cxx_thread_local
    Feature record: CXX_FEATURE:1cxx_trailing_return_types
    Feature record: CXX_FEATURE:1cxx_unicode_literals
    Feature record: CXX_FEATURE:1cxx_uniform_initialization
    Feature record: CXX_FEATURE:0cxx_unrestricted_unions
    Feature record: CXX_FEATURE:0cxx_user_literals
    Feature record: CXX_FEATURE:0cxx_variable_templates
    Feature record: CXX_FEATURE:1cxx_variadic_macros
    Feature record: CXX_FEATURE:1cxx_variadic_templates


Detecting CXX [-std=c++98] compiler features compiled with the following output:
Change Dir: /root/final/OpenISS/oglBuild/CMakeFiles/CMakeTmp

Run Build Command:"/usr/bin/gmake" "cmTC_2c46d/fast"
/usr/bin/gmake -f CMakeFiles/cmTC_2c46d.dir/build.make CMakeFiles/cmTC_2c46d.dir/build
gmake[1]: Entering directory `/root/final/OpenISS/oglBuild/CMakeFiles/CMakeTmp'
Building CXX object CMakeFiles/cmTC_2c46d.dir/feature_tests.cxx.o
/usr/bin/c++     -std=c++98 -o CMakeFiles/cmTC_2c46d.dir/feature_tests.cxx.o -c /root/final/OpenISS/oglBuild/CMakeFiles/feature_tests.cxx
Linking CXX executable cmTC_2c46d
/usr/bin/cmake3 -E cmake_link_script CMakeFiles/cmTC_2c46d.dir/link.txt --verbose=1
/usr/bin/c++        CMakeFiles/cmTC_2c46d.dir/feature_tests.cxx.o  -o cmTC_2c46d -rdynamic 
gmake[1]: Leaving directory `/root/final/OpenISS/oglBuild/CMakeFiles/CMakeTmp'


    Feature record: CXX_FEATURE:0cxx_aggregate_default_initializers
    Feature record: CXX_FEATURE:0cxx_alias_templates
    Feature record: CXX_FEATURE:0cxx_alignas
    Feature record: CXX_FEATURE:0cxx_alignof
    Feature record: CXX_FEATURE:0cxx_attributes
    Feature record: CXX_FEATURE:0cxx_attribute_deprecated
    Feature record: CXX_FEATURE:0cxx_auto_type
    Feature record: CXX_FEATURE:0cxx_binary_literals
    Feature record: CXX_FEATURE:0cxx_constexpr
    Feature record: CXX_FEATURE:0cxx_contextual_conversions
    Feature record: CXX_FEATURE:0cxx_decltype
    Feature record: CXX_FEATURE:0cxx_decltype_auto
    Feature record: CXX_FEATURE:0cxx_decltype_incomplete_return_types
    Feature record: CXX_FEATURE:0cxx_default_function_template_args
    Feature record: CXX_FEATURE:0cxx_defaulted_functions
    Feature record: CXX_FEATURE:0cxx_defaulted_move_initializers
    Feature record: CXX_FEATURE:0cxx_delegating_constructors
    Feature record: CXX_FEATURE:0cxx_deleted_functions
    Feature record: CXX_FEATURE:0cxx_digit_separators
    Feature record: CXX_FEATURE:0cxx_enum_forward_declarations
    Feature record: CXX_FEATURE:0cxx_explicit_conversions
    Feature record: CXX_FEATURE:0cxx_extended_friend_declarations
    Feature record: CXX_FEATURE:0cxx_extern_templates
    Feature record: CXX_FEATURE:0cxx_final
    Feature record: CXX_FEATURE:0cxx_func_identifier
    Feature record: CXX_FEATURE:0cxx_generalized_initializers
    Feature record: CXX_FEATURE:0cxx_generic_lambdas
    Feature record: CXX_FEATURE:0cxx_inheriting_constructors
    Feature record: CXX_FEATURE:0cxx_inline_namespaces
    Feature record: CXX_FEATURE:0cxx_lambdas
    Feature record: CXX_FEATURE:0cxx_lambda_init_captures
    Feature record: CXX_FEATURE:0cxx_local_type_template_args
    Feature record: CXX_FEATURE:0cxx_long_long_type
    Feature record: CXX_FEATURE:0cxx_noexcept
    Feature record: CXX_FEATURE:0cxx_nonstatic_member_init
    Feature record: CXX_FEATURE:0cxx_nullptr
    Feature record: CXX_FEATURE:0cxx_override
    Feature record: CXX_FEATURE:0cxx_range_for
    Feature record: CXX_FEATURE:0cxx_raw_string_literals
    Feature record: CXX_FEATURE:0cxx_reference_qualified_functions
    Feature record: CXX_FEATURE:0cxx_relaxed_constexpr
    Feature record: CXX_FEATURE:0cxx_return_type_deduction
    Feature record: CXX_FEATURE:0cxx_right_angle_brackets
    Feature record: CXX_FEATURE:0cxx_rvalue_references
    Feature record: CXX_FEATURE:0cxx_sizeof_member
    Feature record: CXX_FEATURE:0cxx_static_assert
    Feature record: CXX_FEATURE:0cxx_strong_enums
    Feature record: CXX_FEATURE:1cxx_template_template_parameters
    Feature record: CXX_FEATURE:0cxx_thread_local
    Feature record: CXX_FEATURE:0cxx_trailing_return_types
    Feature record: CXX_FEATURE:0cxx_unicode_literals
    Feature record: CXX_FEATURE:0cxx_uniform_initialization
    Feature record: CXX_FEATURE:0cxx_unrestricted_unions
    Feature record: CXX_FEATURE:0cxx_user_literals
    Feature record: CXX_FEATURE:0cxx_variable_templates
    Feature record: CXX_FEATURE:0cxx_variadic_macros
    Feature record: CXX_FEATURE:0cxx_variadic_templates
Determining if the include file pthread.h exists passed with the following output:
Change Dir: /root/final/OpenISS/oglBuild/CMakeFiles/CMakeTmp

Run Build Command:"/usr/bin/gmake" "cmTC_d81a0/fast"
/usr/bin/gmake -f CMakeFiles/cmTC_d81a0.dir/build.make CMakeFiles/cmTC_d81a0.dir/build
gmake[1]: Entering directory `/root/final/OpenISS/oglBuild/CMakeFiles/CMakeTmp'
Building C object CMakeFiles/cmTC_d81a0.dir/CheckIncludeFile.c.o
/usr/bin/cc     -o CMakeFiles/cmTC_d81a0.dir/CheckIncludeFile.c.o   -c /root/final/OpenISS/oglBuild/CMakeFiles/CMakeTmp/CheckIncludeFile.c
Linking C executable cmTC_d81a0
/usr/bin/cmake3 -E cmake_link_script CMakeFiles/cmTC_d81a0.dir/link.txt --verbose=1
/usr/bin/cc       CMakeFiles/cmTC_d81a0.dir/CheckIncludeFile.c.o  -o cmTC_d81a0 -rdynamic 
gmake[1]: Leaving directory `/root/final/OpenISS/oglBuild/CMakeFiles/CMakeTmp'


Determining if the function pthread_create exists in the pthread passed with the following output:
Change Dir: /root/final/OpenISS/oglBuild/CMakeFiles/CMakeTmp

Run Build Command:"/usr/bin/gmake" "cmTC_ba3ba/fast"
/usr/bin/gmake -f CMakeFiles/cmTC_ba3ba.dir/build.make CMakeFiles/cmTC_ba3ba.dir/build
gmake[1]: Entering directory `/root/final/OpenISS/oglBuild/CMakeFiles/CMakeTmp'
Building C object CMakeFiles/cmTC_ba3ba.dir/CheckFunctionExists.c.o
/usr/bin/cc    -DCHECK_FUNCTION_EXISTS=pthread_create   -o CMakeFiles/cmTC_ba3ba.dir/CheckFunctionExists.c.o   -c /usr/share/cmake3/Modules/CheckFunctionExists.c
Linking C executable cmTC_ba3ba
/usr/bin/cmake3 -E cmake_link_script CMakeFiles/cmTC_ba3ba.dir/link.txt --verbose=1
/usr/bin/cc   -DCHECK_FUNCTION_EXISTS=pthread_create    CMakeFiles/cmTC_ba3ba.dir/CheckFunctionExists.c.o  -o cmTC_ba3ba -rdynamic -lpthread 
gmake[1]: Leaving directory `/root/final/OpenISS/oglBuild/CMakeFiles/CMakeTmp'


Determining if the function XOpenDisplay exists in the /usr/lib64/libX11.so;/usr/lib64/libXext.so passed with the following output:
Change Dir: /root/final/OpenISS/oglBuild/CMakeFiles/CMakeTmp

Run Build Command:"/usr/bin/gmake" "cmTC_1cee2/fast"
/usr/bin/gmake -f CMakeFiles/cmTC_1cee2.dir/build.make CMakeFiles/cmTC_1cee2.dir/build
gmake[1]: Entering directory `/root/final/OpenISS/oglBuild/CMakeFiles/CMakeTmp'
Building C object CMakeFiles/cmTC_1cee2.dir/CheckFunctionExists.c.o
/usr/bin/cc    -DCHECK_FUNCTION_EXISTS=XOpenDisplay   -o CMakeFiles/cmTC_1cee2.dir/CheckFunctionExists.c.o   -c /usr/share/cmake3/Modules/CheckFunctionExists.c
Linking C executable cmTC_1cee2
/usr/bin/cmake3 -E cmake_link_script CMakeFiles/cmTC_1cee2.dir/link.txt --verbose=1
/usr/bin/cc   -DCHECK_FUNCTION_EXISTS=XOpenDisplay    CMakeFiles/cmTC_1cee2.dir/CheckFunctionExists.c.o  -o cmTC_1cee2 -rdynamic /usr/lib64/libX11.so /usr/lib64/libXext.so 
gmake[1]: Leaving directory `/root/final/OpenISS/oglBuild/CMakeFiles/CMakeTmp'


Determining if the function gethostbyname exists passed with the following output:
Change Dir: /root/final/OpenISS/oglBuild/CMakeFiles/CMakeTmp

Run Build Command:"/usr/bin/gmake" "cmTC_6100b/fast"
/usr/bin/gmake -f CMakeFiles/cmTC_6100b.dir/build.make CMakeFiles/cmTC_6100b.dir/build
gmake[1]: Entering directory `/root/final/OpenISS/oglBuild/CMakeFiles/CMakeTmp'
Building C object CMakeFiles/cmTC_6100b.dir/CheckFunctionExists.c.o
/usr/bin/cc    -DCHECK_FUNCTION_EXISTS=gethostbyname   -o CMakeFiles/cmTC_6100b.dir/CheckFunctionExists.c.o   -c /usr/share/cmake3/Modules/CheckFunctionExists.c
Linking C executable cmTC_6100b
/usr/bin/cmake3 -E cmake_link_script CMakeFiles/cmTC_6100b.dir/link.txt --verbose=1
/usr/bin/cc   -DCHECK_FUNCTION_EXISTS=gethostbyname    CMakeFiles/cmTC_6100b.dir/CheckFunctionExists.c.o  -o cmTC_6100b -rdynamic 
gmake[1]: Leaving directory `/root/final/OpenISS/oglBuild/CMakeFiles/CMakeTmp'


Determining if the function connect exists passed with the following output:
Change Dir: /root/final/OpenISS/oglBuild/CMakeFiles/CMakeTmp

Run Build Command:"/usr/bin/gmake" "cmTC_1a62f/fast"
/usr/bin/gmake -f CMakeFiles/cmTC_1a62f.dir/build.make CMakeFiles/cmTC_1a62f.dir/build
gmake[1]: Entering directory `/root/final/OpenISS/oglBuild/CMakeFiles/CMakeTmp'
Building C object CMakeFiles/cmTC_1a62f.dir/CheckFunctionExists.c.o
/usr/bin/cc    -DCHECK_FUNCTION_EXISTS=connect   -o CMakeFiles/cmTC_1a62f.dir/CheckFunctionExists.c.o   -c /usr/share/cmake3/Modules/CheckFunctionExists.c
Linking C executable cmTC_1a62f
/usr/bin/cmake3 -E cmake_link_script CMakeFiles/cmTC_1a62f.dir/link.txt --verbose=1
/usr/bin/cc   -DCHECK_FUNCTION_EXISTS=connect    CMakeFiles/cmTC_1a62f.dir/CheckFunctionExists.c.o  -o cmTC_1a62f -rdynamic 
gmake[1]: Leaving directory `/root/final/OpenISS/oglBuild/CMakeFiles/CMakeTmp'


Determining if the function remove exists passed with the following output:
Change Dir: /root/final/OpenISS/oglBuild/CMakeFiles/CMakeTmp

Run Build Command:"/usr/bin/gmake" "cmTC_ed16d/fast"
/usr/bin/gmake -f CMakeFiles/cmTC_ed16d.dir/build.make CMakeFiles/cmTC_ed16d.dir/build
gmake[1]: Entering directory `/root/final/OpenISS/oglBuild/CMakeFiles/CMakeTmp'
Building C object CMakeFiles/cmTC_ed16d.dir/CheckFunctionExists.c.o
/usr/bin/cc    -DCHECK_FUNCTION_EXISTS=remove   -o CMakeFiles/cmTC_ed16d.dir/CheckFunctionExists.c.o   -c /usr/share/cmake3/Modules/CheckFunctionExists.c
Linking C executable cmTC_ed16d
/usr/bin/cmake3 -E cmake_link_script CMakeFiles/cmTC_ed16d.dir/link.txt --verbose=1
/usr/bin/cc   -DCHECK_FUNCTION_EXISTS=remove    CMakeFiles/cmTC_ed16d.dir/CheckFunctionExists.c.o  -o cmTC_ed16d -rdynamic 
gmake[1]: Leaving directory `/root/final/OpenISS/oglBuild/CMakeFiles/CMakeTmp'


Determining if the function shmat exists passed with the following output:
Change Dir: /root/final/OpenISS/oglBuild/CMakeFiles/CMakeTmp

Run Build Command:"/usr/bin/gmake" "cmTC_cdc90/fast"
/usr/bin/gmake -f CMakeFiles/cmTC_cdc90.dir/build.make CMakeFiles/cmTC_cdc90.dir/build
gmake[1]: Entering directory `/root/final/OpenISS/oglBuild/CMakeFiles/CMakeTmp'
Building C object CMakeFiles/cmTC_cdc90.dir/CheckFunctionExists.c.o
/usr/bin/cc    -DCHECK_FUNCTION_EXISTS=shmat   -o CMakeFiles/cmTC_cdc90.dir/CheckFunctionExists.c.o   -c /usr/share/cmake3/Modules/CheckFunctionExists.c
Linking C executable cmTC_cdc90
/usr/bin/cmake3 -E cmake_link_script CMakeFiles/cmTC_cdc90.dir/link.txt --verbose=1
/usr/bin/cc   -DCHECK_FUNCTION_EXISTS=shmat    CMakeFiles/cmTC_cdc90.dir/CheckFunctionExists.c.o  -o cmTC_cdc90 -rdynamic 
gmake[1]: Leaving directory `/root/final/OpenISS/oglBuild/CMakeFiles/CMakeTmp'


Determining if the function IceConnectionNumber exists in the ICE passed with the following output:
Change Dir: /root/final/OpenISS/oglBuild/CMakeFiles/CMakeTmp

Run Build Command:"/usr/bin/gmake" "cmTC_d597a/fast"
/usr/bin/gmake -f CMakeFiles/cmTC_d597a.dir/build.make CMakeFiles/cmTC_d597a.dir/build
gmake[1]: Entering directory `/root/final/OpenISS/oglBuild/CMakeFiles/CMakeTmp'
Building C object CMakeFiles/cmTC_d597a.dir/CheckFunctionExists.c.o
/usr/bin/cc    -DCHECK_FUNCTION_EXISTS=IceConnectionNumber   -o CMakeFiles/cmTC_d597a.dir/CheckFunctionExists.c.o   -c /usr/share/cmake3/Modules/CheckFunctionExists.c
Linking C executable cmTC_d597a
/usr/bin/cmake3 -E cmake_link_script CMakeFiles/cmTC_d597a.dir/link.txt --verbose=1
/usr/bin/cc   -DCHECK_FUNCTION_EXISTS=IceConnectionNumber    CMakeFiles/cmTC_d597a.dir/CheckFunctionExists.c.o  -o cmTC_d597a -rdynamic -lICE 
gmake[1]: Leaving directory `/root/final/OpenISS/oglBuild/CMakeFiles/CMakeTmp'


Determining if the include file sys/types.h exists passed with the following output:
Change Dir: /root/final/OpenISS/oglBuild/CMakeFiles/CMakeTmp

Run Build Command:"/usr/bin/gmake" "cmTC_dc7ed/fast"
/usr/bin/gmake -f CMakeFiles/cmTC_dc7ed.dir/build.make CMakeFiles/cmTC_dc7ed.dir/build
gmake[1]: Entering directory `/root/final/OpenISS/oglBuild/CMakeFiles/CMakeTmp'
Building C object CMakeFiles/cmTC_dc7ed.dir/CheckIncludeFile.c.o
/usr/bin/cc     -o CMakeFiles/cmTC_dc7ed.dir/CheckIncludeFile.c.o   -c /root/final/OpenISS/oglBuild/CMakeFiles/CMakeTmp/CheckIncludeFile.c
Linking C executable cmTC_dc7ed
/usr/bin/cmake3 -E cmake_link_script CMakeFiles/cmTC_dc7ed.dir/link.txt --verbose=1
/usr/bin/cc       CMakeFiles/cmTC_dc7ed.dir/CheckIncludeFile.c.o  -o cmTC_dc7ed -rdynamic 
gmake[1]: Leaving directory `/root/final/OpenISS/oglBuild/CMakeFiles/CMakeTmp'


Determining if the include file stdint.h exists passed with the following output:
Change Dir: /root/final/OpenISS/oglBuild/CMakeFiles/CMakeTmp

Run Build Command:"/usr/bin/gmake" "cmTC_2b4e4/fast"
/usr/bin/gmake -f CMakeFiles/cmTC_2b4e4.dir/build.make CMakeFiles/cmTC_2b4e4.dir/build
gmake[1]: Entering directory `/root/final/OpenISS/oglBuild/CMakeFiles/CMakeTmp'
Building C object CMakeFiles/cmTC_2b4e4.dir/CheckIncludeFile.c.o
/usr/bin/cc     -o CMakeFiles/cmTC_2b4e4.dir/CheckIncludeFile.c.o   -c /root/final/OpenISS/oglBuild/CMakeFiles/CMakeTmp/CheckIncludeFile.c
Linking C executable cmTC_2b4e4
/usr/bin/cmake3 -E cmake_link_script CMakeFiles/cmTC_2b4e4.dir/link.txt --verbose=1
/usr/bin/cc       CMakeFiles/cmTC_2b4e4.dir/CheckIncludeFile.c.o  -o cmTC_2b4e4 -rdynamic 
gmake[1]: Leaving directory `/root/final/OpenISS/oglBuild/CMakeFiles/CMakeTmp'


Determining if the include file stddef.h exists passed with the following output:
Change Dir: /root/final/OpenISS/oglBuild/CMakeFiles/CMakeTmp

Run Build Command:"/usr/bin/gmake" "cmTC_4a68c/fast"
/usr/bin/gmake -f CMakeFiles/cmTC_4a68c.dir/build.make CMakeFiles/cmTC_4a68c.dir/build
gmake[1]: Entering directory `/root/final/OpenISS/oglBuild/CMakeFiles/CMakeTmp'
Building C object CMakeFiles/cmTC_4a68c.dir/CheckIncludeFile.c.o
/usr/bin/cc     -o CMakeFiles/cmTC_4a68c.dir/CheckIncludeFile.c.o   -c /root/final/OpenISS/oglBuild/CMakeFiles/CMakeTmp/CheckIncludeFile.c
Linking C executable cmTC_4a68c
/usr/bin/cmake3 -E cmake_link_script CMakeFiles/cmTC_4a68c.dir/link.txt --verbose=1
/usr/bin/cc       CMakeFiles/cmTC_4a68c.dir/CheckIncludeFile.c.o  -o cmTC_4a68c -rdynamic 
gmake[1]: Leaving directory `/root/final/OpenISS/oglBuild/CMakeFiles/CMakeTmp'


Determining size of off64_t passed with the following output:
Change Dir: /root/final/OpenISS/oglBuild/CMakeFiles/CMakeTmp

Run Build Command:"/usr/bin/gmake" "cmTC_14ef1/fast"
/usr/bin/gmake -f CMakeFiles/cmTC_14ef1.dir/build.make CMakeFiles/cmTC_14ef1.dir/build
gmake[1]: Entering directory `/root/final/OpenISS/oglBuild/CMakeFiles/CMakeTmp'
Building C object CMakeFiles/cmTC_14ef1.dir/OFF64_T.c.o
/usr/bin/cc  -DHAVE_STDDEF_H -DHAVE_STDINT_H -DHAVE_SYS_TYPES_H -D_LARGEFILE64_SOURCE=1   -o CMakeFiles/cmTC_14ef1.dir/OFF64_T.c.o   -c /root/final/OpenISS/oglBuild/CMakeFiles/CheckTypeSize/OFF64_T.c
Linking C executable cmTC_14ef1
/usr/bin/cmake3 -E cmake_link_script CMakeFiles/cmTC_14ef1.dir/link.txt --verbose=1
/usr/bin/cc       CMakeFiles/cmTC_14ef1.dir/OFF64_T.c.o  -o cmTC_14ef1 -rdynamic 
gmake[1]: Leaving directory `/root/final/OpenISS/oglBuild/CMakeFiles/CMakeTmp'


Determining if the function fseeko exists passed with the following output:
Change Dir: /root/final/OpenISS/oglBuild/CMakeFiles/CMakeTmp

Run Build Command:"/usr/bin/gmake" "cmTC_6a327/fast"
/usr/bin/gmake -f CMakeFiles/cmTC_6a327.dir/build.make CMakeFiles/cmTC_6a327.dir/build
gmake[1]: Entering directory `/root/final/OpenISS/oglBuild/CMakeFiles/CMakeTmp'
Building C object CMakeFiles/cmTC_6a327.dir/CheckFunctionExists.c.o
/usr/bin/cc    -DCHECK_FUNCTION_EXISTS=fseeko   -o CMakeFiles/cmTC_6a327.dir/CheckFunctionExists.c.o   -c /usr/share/cmake3/Modules/CheckFunctionExists.c
Linking C executable cmTC_6a327
/usr/bin/cmake3 -E cmake_link_script CMakeFiles/cmTC_6a327.dir/link.txt --verbose=1
/usr/bin/cc   -DCHECK_FUNCTION_EXISTS=fseeko    CMakeFiles/cmTC_6a327.dir/CheckFunctionExists.c.o  -o cmTC_6a327 -rdynamic 
gmake[1]: Leaving directory `/root/final/OpenISS/oglBuild/CMakeFiles/CMakeTmp'


Determining if the include file unistd.h exists passed with the following output:
Change Dir: /root/final/OpenISS/oglBuild/CMakeFiles/CMakeTmp

Run Build Command:"/usr/bin/gmake" "cmTC_4d34f/fast"
/usr/bin/gmake -f CMakeFiles/cmTC_4d34f.dir/build.make CMakeFiles/cmTC_4d34f.dir/build
gmake[1]: Entering directory `/root/final/OpenISS/oglBuild/CMakeFiles/CMakeTmp'
Building C object CMakeFiles/cmTC_4d34f.dir/CheckIncludeFile.c.o
/usr/bin/cc     -o CMakeFiles/cmTC_4d34f.dir/CheckIncludeFile.c.o   -c /root/final/OpenISS/oglBuild/CMakeFiles/CMakeTmp/CheckIncludeFile.c
Linking C executable cmTC_4d34f
/usr/bin/cmake3 -E cmake_link_script CMakeFiles/cmTC_4d34f.dir/link.txt --verbose=1
/usr/bin/cc       CMakeFiles/cmTC_4d34f.dir/CheckIncludeFile.c.o  -o cmTC_4d34f -rdynamic 
gmake[1]: Leaving directory `/root/final/OpenISS/oglBuild/CMakeFiles/CMakeTmp'


